<?xml version='1.0' encoding='UTF-8'?>
<testsuite hostname="pop-os" name="vexriscv.TCC_pipeline" tests="25" errors="0" failures="0" skipped="0" time="93.274" timestamp="2024-12-05T10:17:14">
          <properties>
      <property name="awt.toolkit" value="sun.awt.X11.XToolkit"/><property name="java.specification.version" value="11"/><property name="sun.cpu.isalist" value=""/><property name="sun.jnu.encoding" value="UTF-8"/><property name="sun.arch.data.model" value="64"/><property name="java.vendor.url" value="https://ubuntu.com/"/><property name="sun.boot.library.path" value="/usr/lib/jvm/java-11-openjdk-amd64/lib"/><property name="sun.java.command" value="/home/martins/.cache/sbt/boot/sbt-launch/1.10.6/sbt-launch-1.10.6.jar testOnly vexriscv.TCC_pipeline"/><property name="jdk.debug" value="release"/><property name="java.specification.vendor" value="Oracle Corporation"/><property name="java.version.date" value="2024-10-15"/><property name="java.home" value="/usr/lib/jvm/java-11-openjdk-amd64"/><property name="file.separator" value="/"/><property name="java.vm.compressedOopsMode" value="32-bit"/><property name="line.separator" value="
"/><property name="java.specification.name" value="Java Platform API Specification"/><property name="java.vm.specification.vendor" value="Oracle Corporation"/><property name="sun.management.compiler" value="HotSpot 64-Bit Tiered Compilers"/><property name="java.runtime.version" value="11.0.25+9-post-Ubuntu-1ubuntu122.04"/><property name="user.name" value="martins"/><property name="log4j.ignoreTCL" value="true"/><property name="file.encoding" value="UTF-8"/><property name="jnidispatch.path" value="/home/martins/.cache/JNA/temp/jna2960759193475312313.tmp"/><property name="jna.loaded" value="true"/><property name="java.io.tmpdir" value="/tmp"/><property name="java.version" value="11.0.25"/><property name="java.vm.specification.name" value="Java Virtual Machine Specification"/><property name="java.awt.printerjob" value="sun.print.PSPrinterJob"/><property name="sun.os.patch.level" value="unknown"/><property name="java.library.path" value="/usr/java/packages/lib:/usr/lib/x86_64-linux-gnu/jni:/lib/x86_64-linux-gnu:/usr/lib/x86_64-linux-gnu:/usr/lib/jni:/lib:/usr/lib"/><property name="java.vendor" value="Ubuntu"/><property name="java.specification.maintenance.version" value="3"/><property name="scala.ext.dirs" value="/home/martins/.sbt/1.0/java9-rt-ext-ubuntu_11_0_25"/><property name="sun.io.unicode.encoding" value="UnicodeLittle"/><property name="sun.desktop" value="gnome"/><property name="java.class.path" value="/home/martins/.cache/sbt/boot/sbt-launch/1.10.6/sbt-launch-1.10.6.jar"/><property name="java.vm.vendor" value="Ubuntu"/><property name="jline.shutdownhook" value="false"/><property name="user.timezone" value="America/Sao_Paulo"/><property name="os.name" value="Linux"/><property name="java.vm.specification.version" value="11"/><property name="sun.java.launcher" value="SUN_STANDARD"/><property name="user.country" value="US"/><property name="sun.cpu.endian" value="little"/><property name="user.home" value="/home/martins"/><property name="user.language" value="en"/><property name="sbt.script" value="/usr/bin/sbt"/><property name="swoval.tmpdir" value="/home/martins/.sbt/1.0"/><property name="java.awt.graphicsenv" value="sun.awt.X11GraphicsEnvironment"/><property name="jline.esc.timeout" value="0"/><property name="path.separator" value=":"/><property name="os.version" value="6.9.3-76060903-generic"/><property name="jna.nosys" value="true"/><property name="java.runtime.name" value="OpenJDK Runtime Environment"/><property name="java.vm.name" value="OpenJDK 64-Bit Server VM"/><property name="jna.platform.library.path" value="/usr/lib/x86_64-linux-gnu:/lib/x86_64-linux-gnu:/usr/lib64:/lib64:/usr/lib:/lib:/libx32:/lib32:/usr/lib/x86_64-linux-gnu/pipewire-0.3/jack:/usr/lib/x86_64-linux-gnu/libfakeroot"/><property name="java.vendor.url.bug" value="https://bugs.launchpad.net/ubuntu/+source/openjdk-lts"/><property name="user.dir" value="/home/martins/Documents/VexRiscv"/><property name="os.arch" value="amd64"/><property name="java.vm.info" value="mixed mode, sharing"/><property name="java.vm.version" value="11.0.25+9-post-Ubuntu-1ubuntu122.04"/><property name="java.class.version" value="55.0"/>
    </properties>
          <testcase classname="vexriscv.TCC_pipeline" name="GenTwoStage (RISC-V I) - Bypass: False - BarrielShifter: False_gen" time="1.508">
                      
                    </testcase><testcase classname="vexriscv.TCC_pipeline" name="GenTwoStage (RISC-V I) - Bypass: False - BarrielShifter: False_test" time="7.268">
                      
                    </testcase><testcase classname="vexriscv.TCC_pipeline" name="GenTwoStage (RISC-V I) - Bypass: True - BarrielShifter: False_gen" time="0.311">
                      
                    </testcase><testcase classname="vexriscv.TCC_pipeline" name="GenTwoStage (RISC-V I) - Bypass: True - BarrielShifter: False_test" time="6.835">
                      
                    </testcase><testcase classname="vexriscv.TCC_pipeline" name="GenTwoStage (RISC-V I) - Bypass: True - BarrielShifter: True_gen" time="0.247">
                      
                    </testcase><testcase classname="vexriscv.TCC_pipeline" name="GenTwoStage (RISC-V I) - Bypass: True - BarrielShifter: True_test" time="6.6">
                      
                    </testcase><testcase classname="vexriscv.TCC_pipeline" name="GenTwoStage (RISC-V I) - Bypass: False - BarrielShifter: True_gen" time="0.199">
                      
                    </testcase><testcase classname="vexriscv.TCC_pipeline" name="GenTwoStage (RISC-V I) - Bypass: False - BarrielShifter: True_test" time="6.856">
                      
                    </testcase><testcase classname="vexriscv.TCC_pipeline" name="GenThreeStage (RISC-V I) - Bypass: False - BarrielShifter: False_gen" time="0.206">
                      
                    </testcase><testcase classname="vexriscv.TCC_pipeline" name="GenThreeStage (RISC-V I) - Bypass: False - BarrielShifter: False_test" time="8.062">
                      
                    </testcase><testcase classname="vexriscv.TCC_pipeline" name="GenThreeStage (RISC-V I) - Bypass: True - BarrielShifter: False_gen" time="0.184">
                      
                    </testcase><testcase classname="vexriscv.TCC_pipeline" name="GenThreeStage (RISC-V I) - Bypass: True - BarrielShifter: False_test" time="7.742">
                      
                    </testcase><testcase classname="vexriscv.TCC_pipeline" name="GenThreeStage (RISC-V I) - Bypass: True - BarrielShifter: True_gen" time="0.151">
                      
                    </testcase><testcase classname="vexriscv.TCC_pipeline" name="GenThreeStage (RISC-V I) - Bypass: True - BarrielShifter: True_test" time="7.877">
                      
                    </testcase><testcase classname="vexriscv.TCC_pipeline" name="GenThreeStage (RISC-V I) - Bypass: False - BarrielShifter: True_gen" time="0.155">
                      
                    </testcase><testcase classname="vexriscv.TCC_pipeline" name="GenThreeStage (RISC-V I) - Bypass: False - BarrielShifter: True_test" time="7.709">
                      
                    </testcase><testcase classname="vexriscv.TCC_pipeline" name="GenFourStage (RISC-V I) - Bypass: False - BarrielShifter: False_gen" time="0.528">
                      
                    </testcase><testcase classname="vexriscv.TCC_pipeline" name="GenFourStage (RISC-V I) - Bypass: False - BarrielShifter: False_test" time="7.672">
                      
                    </testcase><testcase classname="vexriscv.TCC_pipeline" name="GenFourStage (RISC-V I) - Bypass: True - BarrielShifter: False_gen" time="0.146">
                      
                    </testcase><testcase classname="vexriscv.TCC_pipeline" name="GenFourStage (RISC-V I) - Bypass: True - BarrielShifter: False_test" time="7.443">
                      
                    </testcase><testcase classname="vexriscv.TCC_pipeline" name="GenFourStage (RISC-V I) - Bypass: True - BarrielShifter: True_gen" time="0.126">
                      
                    </testcase><testcase classname="vexriscv.TCC_pipeline" name="GenFourStage (RISC-V I) - Bypass: True - BarrielShifter: True_test" time="7.024">
                      
                    </testcase><testcase classname="vexriscv.TCC_pipeline" name="GenFourStage (RISC-V I) - Bypass: False - BarrielShifter: True_gen" time="0.149">
                      
                    </testcase><testcase classname="vexriscv.TCC_pipeline" name="GenFourStage (RISC-V I) - Bypass: False - BarrielShifter: True_test" time="8.276">
                      
                    </testcase><testcase classname="vexriscv.TCC_pipeline" name="final_report" time="0.0">
                      
                    </testcase>
          <system-out><![CDATA[]]></system-out>
          <system-err><![CDATA[]]></system-err>
        </testsuite>